[debug] [2020-09-19T05:07:57.587Z] ----------------------------------------------------------------------
[debug] [2020-09-19T05:07:57.590Z] Command:       C:\Program Files\nodejs\node.exe C:\Users\Владимир\AppData\Roaming\npm\node_modules\firebase-tools\lib\bin\firebase.js deploy
[debug] [2020-09-19T05:07:57.591Z] CLI Version:   8.10.0
[debug] [2020-09-19T05:07:57.591Z] Platform:      win32
[debug] [2020-09-19T05:07:57.591Z] Node Version:  v12.11.0
[debug] [2020-09-19T05:07:57.593Z] Time:          Sat Sep 19 2020 08:07:57 GMT+0300 (GMT+03:00)
[debug] [2020-09-19T05:07:57.593Z] ----------------------------------------------------------------------
[debug] [2020-09-19T05:07:57.593Z] 
[debug] [2020-09-19T05:07:57.604Z] > command requires scopes: ["email","openid","https://www.googleapis.com/auth/cloudplatformprojects.readonly","https://www.googleapis.com/auth/firebase","https://www.googleapis.com/auth/cloud-platform"]
[debug] [2020-09-19T05:07:57.605Z] > authorizing via signed-in user
[debug] [2020-09-19T05:07:57.605Z] [iam] checking project tablimba for permissions ["firebase.projects.get","firebasehosting.sites.update"]
[debug] [2020-09-19T05:07:57.609Z] > refreshing access token with scopes: ["email","https://www.googleapis.com/auth/cloud-platform","https://www.googleapis.com/auth/cloudplatformprojects.readonly","https://www.googleapis.com/auth/firebase","openid"]
[debug] [2020-09-19T05:07:57.609Z] >>> HTTP REQUEST POST https://www.googleapis.com/oauth2/v3/token  
 <request body omitted>
[debug] [2020-09-19T05:07:57.776Z] <<< HTTP RESPONSE 200 {"content-type":"application/json; charset=utf-8","vary":"X-Origin, Referer, Origin,Accept-Encoding","date":"Sat, 19 Sep 2020 05:07:59 GMT","server":"scaffolding on HTTPServer2","cache-control":"private","x-xss-protection":"0","x-frame-options":"SAMEORIGIN","x-content-type-options":"nosniff","alt-svc":"h3-Q050=\":443\"; ma=2592000,h3-29=\":443\"; ma=2592000,h3-27=\":443\"; ma=2592000,h3-T051=\":443\"; ma=2592000,h3-T050=\":443\"; ma=2592000,h3-Q046=\":443\"; ma=2592000,h3-Q043=\":443\"; ma=2592000,quic=\":443\"; ma=2592000; v=\"46,43\"","accept-ranges":"none","transfer-encoding":"chunked"}
[debug] [2020-09-19T05:07:57.799Z] >>> HTTP REQUEST POST https://cloudresourcemanager.googleapis.com/v1/projects/tablimba:testIamPermissions  
 {"permissions":["firebase.projects.get","firebasehosting.sites.update"]}
[debug] [2020-09-19T05:07:58.715Z] <<< HTTP RESPONSE 200 {"content-type":"application/json; charset=UTF-8","vary":"X-Origin, Referer, Origin,Accept-Encoding","date":"Sat, 19 Sep 2020 05:08:00 GMT","server":"ESF","cache-control":"private","x-xss-protection":"0","x-frame-options":"SAMEORIGIN","x-content-type-options":"nosniff","server-timing":"gfet4t7; dur=810","alt-svc":"h3-Q050=\":443\"; ma=2592000,h3-29=\":443\"; ma=2592000,h3-27=\":443\"; ma=2592000,h3-T051=\":443\"; ma=2592000,h3-T050=\":443\"; ma=2592000,h3-Q046=\":443\"; ma=2592000,h3-Q043=\":443\"; ma=2592000,quic=\":443\"; ma=2592000; v=\"46,43\"","accept-ranges":"none","transfer-encoding":"chunked"}
[debug] [2020-09-19T05:07:58.716Z] >>> HTTP REQUEST GET https://firebase.googleapis.com/v1beta1/projects/tablimba  
 
[debug] [2020-09-19T05:07:58.995Z] <<< HTTP RESPONSE 200 {"content-type":"application/json; charset=UTF-8","vary":"X-Origin, Referer, Origin,Accept-Encoding","date":"Sat, 19 Sep 2020 05:08:00 GMT","server":"ESF","cache-control":"private","x-xss-protection":"0","x-frame-options":"SAMEORIGIN","x-content-type-options":"nosniff","alt-svc":"h3-Q050=\":443\"; ma=2592000,h3-29=\":443\"; ma=2592000,h3-27=\":443\"; ma=2592000,h3-T051=\":443\"; ma=2592000,h3-T050=\":443\"; ma=2592000,h3-Q046=\":443\"; ma=2592000,h3-Q043=\":443\"; ma=2592000,quic=\":443\"; ma=2592000; v=\"46,43\"","accept-ranges":"none","transfer-encoding":"chunked"}
[info] 
[info] === Deploying to 'tablimba'...
[info] 
[info] i  deploying hosting 
[debug] [2020-09-19T05:07:59.001Z] >>> HTTP REQUEST POST https://firebasehosting.googleapis.com/v1beta1/sites/tablimba/versions  
 {"config":{"rewrites":[{"glob":"**","path":"/index.html"}],"headers":[{"glob":"/service-worker.js","headers":{"Cache-Control":"no-cache"}}]},"labels":{"deployment-tool":"cli-firebase"}}
